13:31:32:612  INFO 1200 --- [main] c.g.J.account.AccountApplication         : No active profile set, falling back to 1 default profile: "default"
13:31:33:248  INFO 1200 --- [main] o.s.cloud.context.scope.GenericScope     : BeanFactory id=a2f83678-1b76-38e9-b8a8-99a7fcd7ece1
13:31:33:658  INFO 1200 --- [main] o.s.b.w.embedded.tomcat.TomcatWebServer  : Tomcat initialized with port(s): 8081 (http)
13:31:33:668  INFO 1200 --- [main] o.apache.catalina.core.StandardService   : Starting service [Tomcat]
13:31:33:668  INFO 1200 --- [main] org.apache.catalina.core.StandardEngine  : Starting Servlet engine: [Apache Tomcat/9.0.75]
13:31:33:795  INFO 1200 --- [main] o.a.c.c.C.[Tomcat].[localhost].[/]       : Initializing Spring embedded WebApplicationContext
13:31:33:796  INFO 1200 --- [main] w.s.c.ServletWebServerApplicationContext : Root WebApplicationContext: initialization completed in 1165 ms
13:31:37:236  INFO 1200 --- [main] pertySourcedRequestMappingHandlerMapping : Mapped URL path [/v2/api-docs] onto method [springfox.documentation.swagger2.web.Swagger2ControllerWebMvc#getDocumentation(String, HttpServletRequest)]
13:31:38:378  WARN 1200 --- [main] iguration$LoadBalancerCaffeineWarnLogger : Spring Cloud LoadBalancer is currently working with the default cache. While this cache implementation is useful for development and tests, it's recommended to use Caffeine cache in production.You can switch to using Caffeine cache, by adding it and org.springframework.cache.caffeine.CaffeineCacheManager to the classpath.
13:31:38:766  INFO 1200 --- [main] com.alibaba.nacos.common.remote.client   : [RpcClientFactory] create a new rpc client of 788376b1-16d9-4851-9d50-46b4e8c651da
13:31:38:766  INFO 1200 --- [main] com.alibaba.nacos.common.remote.client   : [788376b1-16d9-4851-9d50-46b4e8c651da] RpcClient init label, labels = {module=naming, source=sdk}
13:31:38:768  INFO 1200 --- [main] com.alibaba.nacos.common.remote.client   : [788376b1-16d9-4851-9d50-46b4e8c651da] RpcClient init, ServerListFactory = com.alibaba.nacos.client.naming.core.ServerListManager
13:31:38:768  INFO 1200 --- [main] com.alibaba.nacos.common.remote.client   : [788376b1-16d9-4851-9d50-46b4e8c651da] Registry connection listener to current client:com.alibaba.nacos.client.naming.remote.gprc.redo.NamingGrpcRedoService
13:31:38:769  INFO 1200 --- [main] com.alibaba.nacos.common.remote.client   : [788376b1-16d9-4851-9d50-46b4e8c651da] Register server push request handler:com.alibaba.nacos.client.naming.remote.gprc.NamingPushRequestHandler
13:31:38:770  INFO 1200 --- [main] com.alibaba.nacos.common.remote.client   : [788376b1-16d9-4851-9d50-46b4e8c651da] Try to connect to server on start up, server: {serverIp = '47.76.158.138', server main port = 8848}
13:31:39:055  INFO 1200 --- [main] com.alibaba.nacos.common.remote.client   : [788376b1-16d9-4851-9d50-46b4e8c651da] Success to connect to server [47.76.158.138:8848] on start up, connectionId = 1734931897840_111.187.19.226_28126
13:31:39:056  INFO 1200 --- [main] com.alibaba.nacos.common.remote.client   : [788376b1-16d9-4851-9d50-46b4e8c651da] Register server push request handler:com.alibaba.nacos.common.remote.client.RpcClient$ConnectResetRequestHandler
13:31:39:056  INFO 1200 --- [main] com.alibaba.nacos.common.remote.client   : [788376b1-16d9-4851-9d50-46b4e8c651da] Register server push request handler:com.alibaba.nacos.common.remote.client.RpcClient$$Lambda$415/0x0000000800425840
13:31:39:056  INFO 1200 --- [com.alibaba.nacos.client.remote.worker] com.alibaba.nacos.common.remote.client   : [788376b1-16d9-4851-9d50-46b4e8c651da] Notify connected event to listeners.
13:31:39:210  INFO 1200 --- [main] o.s.b.w.embedded.tomcat.TomcatWebServer  : Tomcat started on port(s): 8081 (http) with context path ''
13:31:39:288  INFO 1200 --- [main] c.a.c.n.registry.NacosServiceRegistry    : nacos registry, DEFAULT_GROUP account-service 100.79.111.140:8081 register finished
13:31:39:691  INFO 1200 --- [nacos-grpc-client-executor-5] com.alibaba.nacos.common.remote.client   : [788376b1-16d9-4851-9d50-46b4e8c651da] Receive server push request, request = NotifySubscriberRequest, requestId = 1
13:31:39:695  INFO 1200 --- [nacos-grpc-client-executor-5] com.alibaba.nacos.common.remote.client   : [788376b1-16d9-4851-9d50-46b4e8c651da] Ack server push request, request = NotifySubscriberRequest, requestId = 1
13:31:40:211  INFO 1200 --- [main] d.s.w.p.DocumentationPluginsBootstrapper : Documentation plugins bootstrapped
13:31:40:214  INFO 1200 --- [main] d.s.w.p.DocumentationPluginsBootstrapper : Found 1 custom documentation plugin(s)
13:31:40:250  INFO 1200 --- [main] s.d.s.w.s.ApiListingReferenceScanner     : Scanning for api listing references
13:31:40:273  INFO 1200 --- [main] c.g.J.account.AccountApplication         : Started AccountApplication in 12.497 seconds (JVM running for 13.158)
13:31:40:287  INFO 1200 --- [main] c.a.c.n.refresh.NacosContextRefresher    : [Nacos Config] Listening config: dataId=account-service, group=DEFAULT_GROUP
13:31:40:288  INFO 1200 --- [main] c.a.c.n.refresh.NacosContextRefresher    : [Nacos Config] Listening config: dataId=account-service.yaml, group=DEFAULT_GROUP
13:31:40:396  INFO 1200 --- [http-nio-8081-exec-1] o.a.c.c.C.[Tomcat].[localhost].[/]       : Initializing Spring DispatcherServlet 'dispatcherServlet'
13:31:40:396  INFO 1200 --- [http-nio-8081-exec-1] o.s.web.servlet.DispatcherServlet        : Initializing Servlet 'dispatcherServlet'
13:31:40:398  INFO 1200 --- [http-nio-8081-exec-1] o.s.web.servlet.DispatcherServlet        : Completed initialization in 2 ms
13:31:40:554  INFO 1200 --- [http-nio-8081-exec-1] com.zaxxer.hikari.HikariDataSource       : HikariPool-1 - Starting...
13:31:41:696  INFO 1200 --- [http-nio-8081-exec-1] com.zaxxer.hikari.HikariDataSource       : HikariPool-1 - Start completed.
13:31:41:708 DEBUG 1200 --- [http-nio-8081-exec-1] c.g.J.a.m.CustomerMapper.selectCount     : ==>  Preparing: SELECT COUNT( * ) FROM customer WHERE (phone_number = ? OR id_number = ?)
13:31:41:749 DEBUG 1200 --- [http-nio-8081-exec-1] c.g.J.a.m.CustomerMapper.selectCount     : ==> Parameters: 12345678900(String), 370101200101010012(String)
13:31:41:835 DEBUG 1200 --- [http-nio-8081-exec-1] c.g.J.a.m.CustomerMapper.selectCount     : <==      Total: 1
13:32:07:784 DEBUG 1200 --- [http-nio-8081-exec-3] c.g.J.a.m.CustomerMapper.selectCount     : ==>  Preparing: SELECT COUNT( * ) FROM customer WHERE (phone_number = ? OR id_number = ?)
13:32:07:784 DEBUG 1200 --- [http-nio-8081-exec-3] c.g.J.a.m.CustomerMapper.selectCount     : ==> Parameters: 12345678900(String), 370101200101010012(String)
13:32:07:834 DEBUG 1200 --- [http-nio-8081-exec-3] c.g.J.a.m.CustomerMapper.selectCount     : <==      Total: 1
13:32:07:834 DEBUG 1200 --- [http-nio-8081-exec-3] c.g.J.a.mapper.CustomerMapper.insert     : ==>  Preparing: INSERT INTO customer ( fund_account, name, phone_number, password, id_number, risk_level ) VALUES ( ?, ?, ?, ?, ?, ? )
13:32:07:847 DEBUG 1200 --- [http-nio-8081-exec-3] c.g.J.a.mapper.CustomerMapper.insert     : ==> Parameters: 1871066235099549697(Long), 张三(String), 12345678900(String), 202cb962ac59075b964b07152d234b70(String), 370101200101010012(String), 0(Integer)
13:32:07:957 DEBUG 1200 --- [http-nio-8081-exec-3] c.g.J.a.mapper.CustomerMapper.insert     : <==    Updates: 1
13:32:16:365  WARN 1200 --- [Thread-1] c.a.n.common.http.HttpClientBeanHolder   : [HttpClientBeanHolder] Start destroying common HttpClient
13:32:16:365  WARN 1200 --- [Thread-1] c.a.n.common.http.HttpClientBeanHolder   : [HttpClientBeanHolder] Destruction of the end
13:32:16:365  WARN 1200 --- [Thread-5] c.a.nacos.common.notify.NotifyCenter     : [NotifyCenter] Start destroying Publisher
13:32:16:366  WARN 1200 --- [Thread-5] c.a.nacos.common.notify.NotifyCenter     : [NotifyCenter] Destruction of the end
13:32:16:779  INFO 1200 --- [SpringApplicationShutdownHook] c.a.c.n.registry.NacosServiceRegistry    : De-registering from Nacos Server now...
13:32:16:835  INFO 1200 --- [SpringApplicationShutdownHook] c.a.c.n.registry.NacosServiceRegistry    : De-registration finished.
13:32:17:171  INFO 1200 --- [SpringApplicationShutdownHook] com.alibaba.nacos.common.remote.client   : Shutdown rpc client, set status to shutdown
13:32:17:172  INFO 1200 --- [SpringApplicationShutdownHook] com.alibaba.nacos.common.remote.client   : Shutdown client event executor java.util.concurrent.ScheduledThreadPoolExecutor@3f4ea9d1[Running, pool size = 2, active threads = 2, queued tasks = 0, completed tasks = 0]
13:32:17:173  INFO 1200 --- [SpringApplicationShutdownHook] com.alibaba.nacos.common.remote.client   : Close current connection 1734931897840_111.187.19.226_28126
13:32:17:178  INFO 1200 --- [SpringApplicationShutdownHook] c.a.n.c.remote.client.grpc.GrpcClient    : Shutdown grpc executor java.util.concurrent.ThreadPoolExecutor@1cdd8757[Running, pool size = 5, active threads = 0, queued tasks = 0, completed tasks = 16]
13:32:17:180  INFO 1200 --- [SpringApplicationShutdownHook] com.zaxxer.hikari.HikariDataSource       : HikariPool-1 - Shutdown initiated...
13:32:17:776  INFO 1200 --- [SpringApplicationShutdownHook] com.zaxxer.hikari.HikariDataSource       : HikariPool-1 - Shutdown completed.
13:33:09:688  INFO 5112 --- [main] c.g.J.account.AccountApplication         : No active profile set, falling back to 1 default profile: "default"
13:33:10:452  INFO 5112 --- [main] o.s.cloud.context.scope.GenericScope     : BeanFactory id=a2f83678-1b76-38e9-b8a8-99a7fcd7ece1
13:33:10:813  INFO 5112 --- [main] o.s.b.w.embedded.tomcat.TomcatWebServer  : Tomcat initialized with port(s): 8081 (http)
13:33:10:822  INFO 5112 --- [main] o.apache.catalina.core.StandardService   : Starting service [Tomcat]
13:33:10:822  INFO 5112 --- [main] org.apache.catalina.core.StandardEngine  : Starting Servlet engine: [Apache Tomcat/9.0.75]
13:33:10:959  INFO 5112 --- [main] o.a.c.c.C.[Tomcat].[localhost].[/]       : Initializing Spring embedded WebApplicationContext
13:33:10:960  INFO 5112 --- [main] w.s.c.ServletWebServerApplicationContext : Root WebApplicationContext: initialization completed in 1257 ms
13:33:13:787  INFO 5112 --- [main] pertySourcedRequestMappingHandlerMapping : Mapped URL path [/v2/api-docs] onto method [springfox.documentation.swagger2.web.Swagger2ControllerWebMvc#getDocumentation(String, HttpServletRequest)]
13:33:14:419  WARN 5112 --- [main] iguration$LoadBalancerCaffeineWarnLogger : Spring Cloud LoadBalancer is currently working with the default cache. While this cache implementation is useful for development and tests, it's recommended to use Caffeine cache in production.You can switch to using Caffeine cache, by adding it and org.springframework.cache.caffeine.CaffeineCacheManager to the classpath.
13:33:14:534  INFO 5112 --- [main] com.alibaba.nacos.common.remote.client   : [RpcClientFactory] create a new rpc client of e1ff12bb-8a39-4832-a97c-b5108dabb209
13:33:14:534  INFO 5112 --- [main] com.alibaba.nacos.common.remote.client   : [e1ff12bb-8a39-4832-a97c-b5108dabb209] RpcClient init label, labels = {module=naming, source=sdk}
13:33:14:536  INFO 5112 --- [main] com.alibaba.nacos.common.remote.client   : [e1ff12bb-8a39-4832-a97c-b5108dabb209] RpcClient init, ServerListFactory = com.alibaba.nacos.client.naming.core.ServerListManager
13:33:14:536  INFO 5112 --- [main] com.alibaba.nacos.common.remote.client   : [e1ff12bb-8a39-4832-a97c-b5108dabb209] Registry connection listener to current client:com.alibaba.nacos.client.naming.remote.gprc.redo.NamingGrpcRedoService
13:33:14:536  INFO 5112 --- [main] com.alibaba.nacos.common.remote.client   : [e1ff12bb-8a39-4832-a97c-b5108dabb209] Register server push request handler:com.alibaba.nacos.client.naming.remote.gprc.NamingPushRequestHandler
13:33:14:537  INFO 5112 --- [main] com.alibaba.nacos.common.remote.client   : [e1ff12bb-8a39-4832-a97c-b5108dabb209] Try to connect to server on start up, server: {serverIp = '47.76.158.138', server main port = 8848}
13:33:14:839  INFO 5112 --- [main] com.alibaba.nacos.common.remote.client   : [e1ff12bb-8a39-4832-a97c-b5108dabb209] Success to connect to server [47.76.158.138:8848] on start up, connectionId = 1734931993623_111.187.19.226_28128
13:33:14:839  INFO 5112 --- [main] com.alibaba.nacos.common.remote.client   : [e1ff12bb-8a39-4832-a97c-b5108dabb209] Register server push request handler:com.alibaba.nacos.common.remote.client.RpcClient$ConnectResetRequestHandler
13:33:14:839  INFO 5112 --- [main] com.alibaba.nacos.common.remote.client   : [e1ff12bb-8a39-4832-a97c-b5108dabb209] Register server push request handler:com.alibaba.nacos.common.remote.client.RpcClient$$Lambda$415/0x000000080041c040
13:33:14:839  INFO 5112 --- [com.alibaba.nacos.client.remote.worker] com.alibaba.nacos.common.remote.client   : [e1ff12bb-8a39-4832-a97c-b5108dabb209] Notify connected event to listeners.
13:33:14:925  INFO 5112 --- [main] o.s.b.w.embedded.tomcat.TomcatWebServer  : Tomcat started on port(s): 8081 (http) with context path ''
13:33:14:990  INFO 5112 --- [main] c.a.c.n.registry.NacosServiceRegistry    : nacos registry, DEFAULT_GROUP account-service 100.79.111.140:8081 register finished
13:33:15:453  INFO 5112 --- [nacos-grpc-client-executor-5] com.alibaba.nacos.common.remote.client   : [e1ff12bb-8a39-4832-a97c-b5108dabb209] Receive server push request, request = NotifySubscriberRequest, requestId = 2
13:33:15:456  INFO 5112 --- [nacos-grpc-client-executor-5] com.alibaba.nacos.common.remote.client   : [e1ff12bb-8a39-4832-a97c-b5108dabb209] Ack server push request, request = NotifySubscriberRequest, requestId = 2
13:33:15:508  INFO 5112 --- [main] d.s.w.p.DocumentationPluginsBootstrapper : Documentation plugins bootstrapped
13:33:15:511  INFO 5112 --- [main] d.s.w.p.DocumentationPluginsBootstrapper : Found 1 custom documentation plugin(s)
13:33:15:529  INFO 5112 --- [main] s.d.s.w.s.ApiListingReferenceScanner     : Scanning for api listing references
13:33:15:539  INFO 5112 --- [main] c.g.J.account.AccountApplication         : Started AccountApplication in 10.648 seconds (JVM running for 11.064)
13:33:15:546  INFO 5112 --- [main] c.a.c.n.refresh.NacosContextRefresher    : [Nacos Config] Listening config: dataId=account-service, group=DEFAULT_GROUP
13:33:15:547  INFO 5112 --- [main] c.a.c.n.refresh.NacosContextRefresher    : [Nacos Config] Listening config: dataId=account-service.yaml, group=DEFAULT_GROUP
13:33:16:451  WARN 5112 --- [Thread-5] c.a.nacos.common.notify.NotifyCenter     : [NotifyCenter] Start destroying Publisher
13:33:16:451  WARN 5112 --- [Thread-1] c.a.n.common.http.HttpClientBeanHolder   : [HttpClientBeanHolder] Start destroying common HttpClient
13:33:16:451  WARN 5112 --- [Thread-5] c.a.nacos.common.notify.NotifyCenter     : [NotifyCenter] Destruction of the end
13:33:16:451  WARN 5112 --- [Thread-1] c.a.n.common.http.HttpClientBeanHolder   : [HttpClientBeanHolder] Destruction of the end
13:33:16:869  INFO 5112 --- [SpringApplicationShutdownHook] c.a.c.n.registry.NacosServiceRegistry    : De-registering from Nacos Server now...
13:33:16:927  INFO 5112 --- [SpringApplicationShutdownHook] c.a.c.n.registry.NacosServiceRegistry    : De-registration finished.
13:33:17:442  INFO 5112 --- [nacos-grpc-client-executor-9] com.alibaba.nacos.common.remote.client   : [e1ff12bb-8a39-4832-a97c-b5108dabb209] Receive server push request, request = NotifySubscriberRequest, requestId = 3
13:33:17:444  INFO 5112 --- [nacos-grpc-client-executor-9] com.alibaba.nacos.common.remote.client   : [e1ff12bb-8a39-4832-a97c-b5108dabb209] Ack server push request, request = NotifySubscriberRequest, requestId = 3
13:33:17:581  INFO 5112 --- [SpringApplicationShutdownHook] com.alibaba.nacos.common.remote.client   : Shutdown rpc client, set status to shutdown
13:33:17:581  INFO 5112 --- [SpringApplicationShutdownHook] com.alibaba.nacos.common.remote.client   : Shutdown client event executor java.util.concurrent.ScheduledThreadPoolExecutor@1e44ad88[Running, pool size = 2, active threads = 2, queued tasks = 0, completed tasks = 0]
13:33:17:581  INFO 5112 --- [SpringApplicationShutdownHook] com.alibaba.nacos.common.remote.client   : Close current connection 1734931993623_111.187.19.226_28128
13:33:17:585  INFO 5112 --- [SpringApplicationShutdownHook] c.a.n.c.remote.client.grpc.GrpcClient    : Shutdown grpc executor java.util.concurrent.ThreadPoolExecutor@c8932f2[Running, pool size = 10, active threads = 0, queued tasks = 0, completed tasks = 10]
